   1              		.code	16
   2              		.file	"crc.c"
  10              	.Ltext0:
  11              		.align	2
  12              		.global	CheckCRC
  13              		.code	16
  14              		.thumb_func
  16              	CheckCRC:
  17              	.LFB2:
  18              		.file 1 "rtos/common/utils/crc.c"
   1:rtos/common/utils/crc.c **** //********************************************************
   2:rtos/common/utils/crc.c **** //    Проект      :
   3:rtos/common/utils/crc.c **** //    Версия      :
   4:rtos/common/utils/crc.c **** //    Дата        : 06.04.2005
   5:rtos/common/utils/crc.c **** //    Автор       : Копачевский Юрий Иванович.
   6:rtos/common/utils/crc.c **** //    Компания    : БЭМН
   7:rtos/common/utils/crc.c **** //    Файл        : СRC.c
   8:rtos/common/utils/crc.c **** //    Комментарии : Процедуры рсчёта байтного CRC.
   9:rtos/common/utils/crc.c **** //                  Файл процедур
  10:rtos/common/utils/crc.c **** //*********************************************************
  11:rtos/common/utils/crc.c **** //    Процессор           :
  12:rtos/common/utils/crc.c **** //    Частота процессора  :
  13:rtos/common/utils/crc.c **** //    Тип программы       : Приложение
  14:rtos/common/utils/crc.c **** //    Модель памяти       : Small
  15:rtos/common/utils/crc.c **** //*********************************************************
  16:rtos/common/utils/crc.c **** #include "crc.h"
  17:rtos/common/utils/crc.c **** 
  18:rtos/common/utils/crc.c **** unsigned int const crc16_table[256] =
  19:rtos/common/utils/crc.c ****  {
  20:rtos/common/utils/crc.c ****          0x0000, 0xC0C1, 0xC181, 0x0140, 0xC301, 0x03C0, 0x0280, 0xC241,
  21:rtos/common/utils/crc.c ****          0xC601, 0x06C0, 0x0780, 0xC741, 0x0500, 0xC5C1, 0xC481, 0x0440,
  22:rtos/common/utils/crc.c ****          0xCC01, 0x0CC0, 0x0D80, 0xCD41, 0x0F00, 0xCFC1, 0xCE81, 0x0E40,
  23:rtos/common/utils/crc.c ****          0x0A00, 0xCAC1, 0xCB81, 0x0B40, 0xC901, 0x09C0, 0x0880, 0xC841,
  24:rtos/common/utils/crc.c ****          0xD801, 0x18C0, 0x1980, 0xD941, 0x1B00, 0xDBC1, 0xDA81, 0x1A40,
  25:rtos/common/utils/crc.c ****          0x1E00, 0xDEC1, 0xDF81, 0x1F40, 0xDD01, 0x1DC0, 0x1C80, 0xDC41,
  26:rtos/common/utils/crc.c ****          0x1400, 0xD4C1, 0xD581, 0x1540, 0xD701, 0x17C0, 0x1680, 0xD641,
  27:rtos/common/utils/crc.c ****          0xD201, 0x12C0, 0x1380, 0xD341, 0x1100, 0xD1C1, 0xD081, 0x1040,
  28:rtos/common/utils/crc.c ****          0xF001, 0x30C0, 0x3180, 0xF141, 0x3300, 0xF3C1, 0xF281, 0x3240,
  29:rtos/common/utils/crc.c ****          0x3600, 0xF6C1, 0xF781, 0x3740, 0xF501, 0x35C0, 0x3480, 0xF441,
  30:rtos/common/utils/crc.c ****          0x3C00, 0xFCC1, 0xFD81, 0x3D40, 0xFF01, 0x3FC0, 0x3E80, 0xFE41,
  31:rtos/common/utils/crc.c ****          0xFA01, 0x3AC0, 0x3B80, 0xFB41, 0x3900, 0xF9C1, 0xF881, 0x3840,
  32:rtos/common/utils/crc.c ****          0x2800, 0xE8C1, 0xE981, 0x2940, 0xEB01, 0x2BC0, 0x2A80, 0xEA41,
  33:rtos/common/utils/crc.c ****          0xEE01, 0x2EC0, 0x2F80, 0xEF41, 0x2D00, 0xEDC1, 0xEC81, 0x2C40,
  34:rtos/common/utils/crc.c ****          0xE401, 0x24C0, 0x2580, 0xE541, 0x2700, 0xE7C1, 0xE681, 0x2640,
  35:rtos/common/utils/crc.c ****          0x2200, 0xE2C1, 0xE381, 0x2340, 0xE101, 0x21C0, 0x2080, 0xE041,
  36:rtos/common/utils/crc.c ****          0xA001, 0x60C0, 0x6180, 0xA141, 0x6300, 0xA3C1, 0xA281, 0x6240,
  37:rtos/common/utils/crc.c ****          0x6600, 0xA6C1, 0xA781, 0x6740, 0xA501, 0x65C0, 0x6480, 0xA441,
  38:rtos/common/utils/crc.c ****          0x6C00, 0xACC1, 0xAD81, 0x6D40, 0xAF01, 0x6FC0, 0x6E80, 0xAE41,
  39:rtos/common/utils/crc.c ****          0xAA01, 0x6AC0, 0x6B80, 0xAB41, 0x6900, 0xA9C1, 0xA881, 0x6840,
  40:rtos/common/utils/crc.c ****          0x7800, 0xB8C1, 0xB981, 0x7940, 0xBB01, 0x7BC0, 0x7A80, 0xBA41,
  41:rtos/common/utils/crc.c ****          0xBE01, 0x7EC0, 0x7F80, 0xBF41, 0x7D00, 0xBDC1, 0xBC81, 0x7C40,
  42:rtos/common/utils/crc.c ****          0xB401, 0x74C0, 0x7580, 0xB541, 0x7700, 0xB7C1, 0xB681, 0x7640,
  43:rtos/common/utils/crc.c ****          0x7200, 0xB2C1, 0xB381, 0x7340, 0xB101, 0x71C0, 0x7080, 0xB041,
  44:rtos/common/utils/crc.c ****          0x5000, 0x90C1, 0x9181, 0x5140, 0x9301, 0x53C0, 0x5280, 0x9241,
  45:rtos/common/utils/crc.c ****          0x9601, 0x56C0, 0x5780, 0x9741, 0x5500, 0x95C1, 0x9481, 0x5440,
  46:rtos/common/utils/crc.c ****          0x9C01, 0x5CC0, 0x5D80, 0x9D41, 0x5F00, 0x9FC1, 0x9E81, 0x5E40,
  47:rtos/common/utils/crc.c ****          0x5A00, 0x9AC1, 0x9B81, 0x5B40, 0x9901, 0x59C0, 0x5880, 0x9841,
  48:rtos/common/utils/crc.c ****          0x8801, 0x48C0, 0x4980, 0x8941, 0x4B00, 0x8BC1, 0x8A81, 0x4A40,
  49:rtos/common/utils/crc.c ****          0x4E00, 0x8EC1, 0x8F81, 0x4F40, 0x8D01, 0x4DC0, 0x4C80, 0x8C41,
  50:rtos/common/utils/crc.c ****          0x4400, 0x84C1, 0x8581, 0x4540, 0x8701, 0x47C0, 0x4680, 0x8641,
  51:rtos/common/utils/crc.c ****          0x8201, 0x42C0, 0x4380, 0x8341, 0x4100, 0x81C1, 0x8081, 0x4040
  52:rtos/common/utils/crc.c **** };
  53:rtos/common/utils/crc.c **** #define  GetCrcByte(crc,data) ((crc >> 8) ^ crc16_table[(crc ^ (data)) & 0xff])
  54:rtos/common/utils/crc.c **** //========================================================================
  55:rtos/common/utils/crc.c **** // Процедуры
  56:rtos/common/utils/crc.c **** //========================================================================
  57:rtos/common/utils/crc.c **** unsigned int CheckCRC(unsigned char *buf,unsigned int size)
  58:rtos/common/utils/crc.c **** {
  19              		.loc 1 58 0
  20 0000 F0B5     		push	{r4, r5, r6, r7, lr}
  21              	.LCFI0:
  22              	.LVL0:
  23 0002 061C     		mov	r6, r0
  24 0004 0D1C     		mov	r5, r1
  59:rtos/common/utils/crc.c ****   unsigned int crc = 0xFFFF;
  60:rtos/common/utils/crc.c ****   while(size)
  25              		.loc 1 60 0
  26 0006 0029     		cmp	r1, #0
  27 0008 01D1     		bne	.L2
  28              	.LVL1:
  29 000a 0B4C     		ldr	r4, .L7
  30              	.LVL2:
  31 000c 0EE0     		b	.L3
  32              	.LVL3:
  33              	.L2:
  34 000e 0A4C     		ldr	r4, .L7
  35              	.LVL4:
  36 0010 0021     		mov	r1, #0
  37              	.LVL5:
  61:rtos/common/utils/crc.c ****   {
  62:rtos/common/utils/crc.c ****     crc = GetCrcByte(crc,*buf); // size = размер данных + 1 байт СRC ;
  38              		.loc 1 62 0
  39 0012 0A48     		ldr	r0, .L7+4
  40 0014 FF27     		mov	r7, #255
  41              	.L4:
  42 0016 220A     		lsr	r2, r4, #8
  43 0018 735C     		ldrb	r3, [r6, r1]
  44 001a 6340     		eor	r3, r3, r4
  45 001c 3B40     		and	r3, r3, r7
  46 001e 9B00     		lsl	r3, r3, #2
  47 0020 1B58     		ldr	r3, [r3, r0]
  48 0022 1C1C     		mov	r4, r3
  49 0024 5440     		eor	r4, r4, r2
  50 0026 0131     		add	r1, r1, #1
  51              		.loc 1 60 0
  52 0028 A942     		cmp	r1, r5
  53 002a F4D1     		bne	.L4
  54              	.LVL6:
  55              	.L3:
  56 002c 6042     		neg	r0, r4
  57 002e 6041     		adc	r0, r0, r4
  63:rtos/common/utils/crc.c ****     buf++;
  64:rtos/common/utils/crc.c ****     size--;
  65:rtos/common/utils/crc.c ****   }
  66:rtos/common/utils/crc.c ****   if(crc == 0x0) return 1;
  67:rtos/common/utils/crc.c ****   return 0;
  68:rtos/common/utils/crc.c **** }
  58              		.loc 1 68 0
  59              		@ sp needed for prologue
  60              	.LVL7:
  61              	.LVL8:
  62              	.LVL9:
  63 0030 F0BC     		pop	{r4, r5, r6, r7}
  64 0032 02BC     		pop	{r1}
  65 0034 0847     		bx	r1
  66              	.L8:
  67 0036 C046     		.align	2
  68              	.L7:
  69 0038 FFFF0000 		.word	65535
  70 003c 00000000 		.word	crc16_table
  71              	.LFE2:
  73              		.align	2
  74              		.global	SetCRC
  75              		.code	16
  76              		.thumb_func
  78              	SetCRC:
  79              	.LFB3:
  69:rtos/common/utils/crc.c **** //========================================================================
  70:rtos/common/utils/crc.c **** void SetCRC  (unsigned char *buf,unsigned int size)
  71:rtos/common/utils/crc.c **** {
  80              		.loc 1 71 0
  81 0040 F0B5     		push	{r4, r5, r6, r7, lr}
  82              	.LCFI1:
  83              	.LVL10:
  84 0042 051C     		mov	r5, r0
  85 0044 0C1C     		mov	r4, r1
  72:rtos/common/utils/crc.c ****   unsigned int crc = 0xFFFF;
  73:rtos/common/utils/crc.c ****   while(size)
  86              		.loc 1 73 0
  87 0046 0029     		cmp	r1, #0
  88 0048 01D1     		bne	.L10
  89              	.LVL11:
  90 004a 0C48     		ldr	r0, .L15
  91              	.LVL12:
  92 004c 0FE0     		b	.L11
  93              	.LVL13:
  94              	.L10:
  95 004e 0B48     		ldr	r0, .L15
  96              	.LVL14:
  97 0050 0021     		mov	r1, #0
  98              	.LVL15:
  74:rtos/common/utils/crc.c ****   {
  75:rtos/common/utils/crc.c ****     crc = GetCrcByte(crc,*buf); // size = размер данных + 1 байт СRC ;
  99              		.loc 1 75 0
 100 0052 0B4E     		ldr	r6, .L15+4
 101 0054 FF27     		mov	r7, #255
 102              	.L12:
 103 0056 020A     		lsr	r2, r0, #8
 104 0058 6B5C     		ldrb	r3, [r5, r1]
 105 005a 4340     		eor	r3, r3, r0
 106 005c 3B40     		and	r3, r3, r7
 107 005e 9B00     		lsl	r3, r3, #2
 108 0060 9B59     		ldr	r3, [r3, r6]
 109 0062 181C     		mov	r0, r3
 110 0064 5040     		eor	r0, r0, r2
 111 0066 0131     		add	r1, r1, #1
 112              		.loc 1 73 0
 113 0068 8C42     		cmp	r4, r1
 114 006a F4D1     		bne	.L12
 115 006c 2D19     		add	r5, r5, r4
 116              	.LVL16:
 117              	.L11:
  76:rtos/common/utils/crc.c ****     buf++;
  77:rtos/common/utils/crc.c ****     size--;
  78:rtos/common/utils/crc.c ****   }
  79:rtos/common/utils/crc.c ****   *buf     = crc;
 118              		.loc 1 79 0
 119 006e 2870     		strb	r0, [r5]
  80:rtos/common/utils/crc.c ****   *(buf+1) = crc>>8;
 120              		.loc 1 80 0
 121 0070 030A     		lsr	r3, r0, #8
 122 0072 6B70     		strb	r3, [r5, #1]
  81:rtos/common/utils/crc.c **** }
 123              		.loc 1 81 0
 124              		@ sp needed for prologue
 125              	.LVL17:
 126              	.LVL18:
 127 0074 F0BC     		pop	{r4, r5, r6, r7}
 128 0076 01BC     		pop	{r0}
 129 0078 0047     		bx	r0
 130              	.L16:
 131 007a C046     		.align	2
 132              	.L15:
 133 007c FFFF0000 		.word	65535
 134 0080 00000000 		.word	crc16_table
 135              	.LFE3:
 137              		.global	crc16_table
 138              		.section	.rodata
 139              		.align	2
 142              	crc16_table:
 143 0000 00000000 		.word	0
 144 0004 C1C00000 		.word	49345
 145 0008 81C10000 		.word	49537
 146 000c 40010000 		.word	320
 147 0010 01C30000 		.word	49921
 148 0014 C0030000 		.word	960
 149 0018 80020000 		.word	640
 150 001c 41C20000 		.word	49729
 151 0020 01C60000 		.word	50689
 152 0024 C0060000 		.word	1728
 153 0028 80070000 		.word	1920
 154 002c 41C70000 		.word	51009
 155 0030 00050000 		.word	1280
 156 0034 C1C50000 		.word	50625
 157 0038 81C40000 		.word	50305
 158 003c 40040000 		.word	1088
 159 0040 01CC0000 		.word	52225
 160 0044 C00C0000 		.word	3264
 161 0048 800D0000 		.word	3456
 162 004c 41CD0000 		.word	52545
 163 0050 000F0000 		.word	3840
 164 0054 C1CF0000 		.word	53185
 165 0058 81CE0000 		.word	52865
 166 005c 400E0000 		.word	3648
 167 0060 000A0000 		.word	2560
 168 0064 C1CA0000 		.word	51905
 169 0068 81CB0000 		.word	52097
 170 006c 400B0000 		.word	2880
 171 0070 01C90000 		.word	51457
 172 0074 C0090000 		.word	2496
 173 0078 80080000 		.word	2176
 174 007c 41C80000 		.word	51265
 175 0080 01D80000 		.word	55297
 176 0084 C0180000 		.word	6336
 177 0088 80190000 		.word	6528
 178 008c 41D90000 		.word	55617
 179 0090 001B0000 		.word	6912
 180 0094 C1DB0000 		.word	56257
 181 0098 81DA0000 		.word	55937
 182 009c 401A0000 		.word	6720
 183 00a0 001E0000 		.word	7680
 184 00a4 C1DE0000 		.word	57025
 185 00a8 81DF0000 		.word	57217
 186 00ac 401F0000 		.word	8000
 187 00b0 01DD0000 		.word	56577
 188 00b4 C01D0000 		.word	7616
 189 00b8 801C0000 		.word	7296
 190 00bc 41DC0000 		.word	56385
 191 00c0 00140000 		.word	5120
 192 00c4 C1D40000 		.word	54465
 193 00c8 81D50000 		.word	54657
 194 00cc 40150000 		.word	5440
 195 00d0 01D70000 		.word	55041
 196 00d4 C0170000 		.word	6080
 197 00d8 80160000 		.word	5760
 198 00dc 41D60000 		.word	54849
 199 00e0 01D20000 		.word	53761
 200 00e4 C0120000 		.word	4800
 201 00e8 80130000 		.word	4992
 202 00ec 41D30000 		.word	54081
 203 00f0 00110000 		.word	4352
 204 00f4 C1D10000 		.word	53697
 205 00f8 81D00000 		.word	53377
 206 00fc 40100000 		.word	4160
 207 0100 01F00000 		.word	61441
 208 0104 C0300000 		.word	12480
 209 0108 80310000 		.word	12672
 210 010c 41F10000 		.word	61761
 211 0110 00330000 		.word	13056
 212 0114 C1F30000 		.word	62401
 213 0118 81F20000 		.word	62081
 214 011c 40320000 		.word	12864
 215 0120 00360000 		.word	13824
 216 0124 C1F60000 		.word	63169
 217 0128 81F70000 		.word	63361
 218 012c 40370000 		.word	14144
 219 0130 01F50000 		.word	62721
 220 0134 C0350000 		.word	13760
 221 0138 80340000 		.word	13440
 222 013c 41F40000 		.word	62529
 223 0140 003C0000 		.word	15360
 224 0144 C1FC0000 		.word	64705
 225 0148 81FD0000 		.word	64897
 226 014c 403D0000 		.word	15680
 227 0150 01FF0000 		.word	65281
 228 0154 C03F0000 		.word	16320
 229 0158 803E0000 		.word	16000
 230 015c 41FE0000 		.word	65089
 231 0160 01FA0000 		.word	64001
 232 0164 C03A0000 		.word	15040
 233 0168 803B0000 		.word	15232
 234 016c 41FB0000 		.word	64321
 235 0170 00390000 		.word	14592
 236 0174 C1F90000 		.word	63937
 237 0178 81F80000 		.word	63617
 238 017c 40380000 		.word	14400
 239 0180 00280000 		.word	10240
 240 0184 C1E80000 		.word	59585
 241 0188 81E90000 		.word	59777
 242 018c 40290000 		.word	10560
 243 0190 01EB0000 		.word	60161
 244 0194 C02B0000 		.word	11200
 245 0198 802A0000 		.word	10880
 246 019c 41EA0000 		.word	59969
 247 01a0 01EE0000 		.word	60929
 248 01a4 C02E0000 		.word	11968
 249 01a8 802F0000 		.word	12160
 250 01ac 41EF0000 		.word	61249
 251 01b0 002D0000 		.word	11520
 252 01b4 C1ED0000 		.word	60865
 253 01b8 81EC0000 		.word	60545
 254 01bc 402C0000 		.word	11328
 255 01c0 01E40000 		.word	58369
 256 01c4 C0240000 		.word	9408
 257 01c8 80250000 		.word	9600
 258 01cc 41E50000 		.word	58689
 259 01d0 00270000 		.word	9984
 260 01d4 C1E70000 		.word	59329
 261 01d8 81E60000 		.word	59009
 262 01dc 40260000 		.word	9792
 263 01e0 00220000 		.word	8704
 264 01e4 C1E20000 		.word	58049
 265 01e8 81E30000 		.word	58241
 266 01ec 40230000 		.word	9024
 267 01f0 01E10000 		.word	57601
 268 01f4 C0210000 		.word	8640
 269 01f8 80200000 		.word	8320
 270 01fc 41E00000 		.word	57409
 271 0200 01A00000 		.word	40961
 272 0204 C0600000 		.word	24768
 273 0208 80610000 		.word	24960
 274 020c 41A10000 		.word	41281
 275 0210 00630000 		.word	25344
 276 0214 C1A30000 		.word	41921
 277 0218 81A20000 		.word	41601
 278 021c 40620000 		.word	25152
 279 0220 00660000 		.word	26112
 280 0224 C1A60000 		.word	42689
 281 0228 81A70000 		.word	42881
 282 022c 40670000 		.word	26432
 283 0230 01A50000 		.word	42241
 284 0234 C0650000 		.word	26048
 285 0238 80640000 		.word	25728
 286 023c 41A40000 		.word	42049
 287 0240 006C0000 		.word	27648
 288 0244 C1AC0000 		.word	44225
 289 0248 81AD0000 		.word	44417
 290 024c 406D0000 		.word	27968
 291 0250 01AF0000 		.word	44801
 292 0254 C06F0000 		.word	28608
 293 0258 806E0000 		.word	28288
 294 025c 41AE0000 		.word	44609
 295 0260 01AA0000 		.word	43521
 296 0264 C06A0000 		.word	27328
 297 0268 806B0000 		.word	27520
 298 026c 41AB0000 		.word	43841
 299 0270 00690000 		.word	26880
 300 0274 C1A90000 		.word	43457
 301 0278 81A80000 		.word	43137
 302 027c 40680000 		.word	26688
 303 0280 00780000 		.word	30720
 304 0284 C1B80000 		.word	47297
 305 0288 81B90000 		.word	47489
 306 028c 40790000 		.word	31040
 307 0290 01BB0000 		.word	47873
 308 0294 C07B0000 		.word	31680
 309 0298 807A0000 		.word	31360
 310 029c 41BA0000 		.word	47681
 311 02a0 01BE0000 		.word	48641
 312 02a4 C07E0000 		.word	32448
 313 02a8 807F0000 		.word	32640
 314 02ac 41BF0000 		.word	48961
 315 02b0 007D0000 		.word	32000
 316 02b4 C1BD0000 		.word	48577
 317 02b8 81BC0000 		.word	48257
 318 02bc 407C0000 		.word	31808
 319 02c0 01B40000 		.word	46081
 320 02c4 C0740000 		.word	29888
 321 02c8 80750000 		.word	30080
 322 02cc 41B50000 		.word	46401
 323 02d0 00770000 		.word	30464
 324 02d4 C1B70000 		.word	47041
 325 02d8 81B60000 		.word	46721
 326 02dc 40760000 		.word	30272
 327 02e0 00720000 		.word	29184
 328 02e4 C1B20000 		.word	45761
 329 02e8 81B30000 		.word	45953
 330 02ec 40730000 		.word	29504
 331 02f0 01B10000 		.word	45313
 332 02f4 C0710000 		.word	29120
 333 02f8 80700000 		.word	28800
 334 02fc 41B00000 		.word	45121
 335 0300 00500000 		.word	20480
 336 0304 C1900000 		.word	37057
 337 0308 81910000 		.word	37249
 338 030c 40510000 		.word	20800
 339 0310 01930000 		.word	37633
 340 0314 C0530000 		.word	21440
 341 0318 80520000 		.word	21120
 342 031c 41920000 		.word	37441
 343 0320 01960000 		.word	38401
 344 0324 C0560000 		.word	22208
 345 0328 80570000 		.word	22400
 346 032c 41970000 		.word	38721
 347 0330 00550000 		.word	21760
 348 0334 C1950000 		.word	38337
 349 0338 81940000 		.word	38017
 350 033c 40540000 		.word	21568
 351 0340 019C0000 		.word	39937
 352 0344 C05C0000 		.word	23744
 353 0348 805D0000 		.word	23936
 354 034c 419D0000 		.word	40257
 355 0350 005F0000 		.word	24320
 356 0354 C19F0000 		.word	40897
 357 0358 819E0000 		.word	40577
 358 035c 405E0000 		.word	24128
 359 0360 005A0000 		.word	23040
 360 0364 C19A0000 		.word	39617
 361 0368 819B0000 		.word	39809
 362 036c 405B0000 		.word	23360
 363 0370 01990000 		.word	39169
 364 0374 C0590000 		.word	22976
 365 0378 80580000 		.word	22656
 366 037c 41980000 		.word	38977
 367 0380 01880000 		.word	34817
 368 0384 C0480000 		.word	18624
 369 0388 80490000 		.word	18816
 370 038c 41890000 		.word	35137
 371 0390 004B0000 		.word	19200
 372 0394 C18B0000 		.word	35777
 373 0398 818A0000 		.word	35457
 374 039c 404A0000 		.word	19008
 375 03a0 004E0000 		.word	19968
 376 03a4 C18E0000 		.word	36545
 377 03a8 818F0000 		.word	36737
 378 03ac 404F0000 		.word	20288
 379 03b0 018D0000 		.word	36097
 380 03b4 C04D0000 		.word	19904
 381 03b8 804C0000 		.word	19584
 382 03bc 418C0000 		.word	35905
 383 03c0 00440000 		.word	17408
 384 03c4 C1840000 		.word	33985
 385 03c8 81850000 		.word	34177
 386 03cc 40450000 		.word	17728
 387 03d0 01870000 		.word	34561
 388 03d4 C0470000 		.word	18368
 389 03d8 80460000 		.word	18048
 390 03dc 41860000 		.word	34369
 391 03e0 01820000 		.word	33281
 392 03e4 C0420000 		.word	17088
 393 03e8 80430000 		.word	17280
 394 03ec 41830000 		.word	33601
 395 03f0 00410000 		.word	16640
 396 03f4 C1810000 		.word	33217
 397 03f8 81800000 		.word	32897
 398 03fc 40400000 		.word	16448
 459              	.Letext0:
DEFINED SYMBOLS
                            *ABS*:00000000 crc.c
     /tmp/ccnJXhtt.s:1      .text:00000000 $t
     /tmp/ccnJXhtt.s:16     .text:00000000 CheckCRC
     /tmp/ccnJXhtt.s:69     .text:00000038 $d
     /tmp/ccnJXhtt.s:142    .rodata:00000000 crc16_table
     /tmp/ccnJXhtt.s:78     .text:00000040 SetCRC
     /tmp/ccnJXhtt.s:75     .text:00000040 $t
     /tmp/ccnJXhtt.s:133    .text:0000007c $d
     /tmp/ccnJXhtt.s:143    .rodata:00000000 $d

NO UNDEFINED SYMBOLS
